<!DOCTYPE html PUBLIC "-//W3C//DTD XHTML 1.1//EN" "https://www.w3.org/TR/xhtml11/DTD/xhtml11.dtd">
<html xmlns="https://www.w3.org/1999/xhtml">
<head>
<meta http-equiv="content-type" content="text/html; charset=UTF-8"/>
<title>TestNG Report</title>
<style type="text/css">table {margin-bottom:10px;border-collapse:collapse;empty-cells:show}th,td {border:1px solid #009;padding:.25em .5em}th {vertical-align:bottom}td {vertical-align:top}table a {font-weight:bold}.stripe td {background-color: #E6EBF9}.num {text-align:right}.passedodd td {background-color: #3F3}.passedeven td {background-color: #0A0}.skippedodd td {background-color: #DDD}.skippedeven td {background-color: #CCC}.failedodd td,.attn {background-color: #F33}.failedeven td,.stripe .attn {background-color: #D00}.stacktrace {white-space:pre;font-family:monospace}.totop {font-size:85%;text-align:center;border-bottom:2px solid #000}.invisible {display:none}</style>
</head>
<body>
<table>
<tr><th>Test</th><th># Passed</th><th># Skipped</th><th># Retried</th><th># Failed</th><th>Time (ms)</th><th>Included Groups</th><th>Excluded Groups</th></tr>
<tr><th colspan="8">PetSuite</th></tr>
<tr><td><a href="#t0">PetTest</a></td><td class="num">4</td><td class="num">0</td><td class="num">0</td><td class="num attn">7</td><td class="num">13,576</td><td></td><td></td></tr>
</table>
<table id='summary'><thead><tr><th>Class</th><th>Method</th><th>Start</th><th>Time (ms)</th></tr></thead><tbody><tr><th colspan="4">PetSuite</th></tr></tbody><tbody id="t0"><tr><th colspan="4">PetTest &#8212; failed</th></tr><tr class="failedeven"><td rowspan="7">api.tests.DDTests</td><td><a href="#m0">testDeleteUserByName</a></td><td rowspan="3">1701177494756</td><td rowspan="3">554</td></tr><tr class="failedeven"><td><a href="#m1">testDeleteUserByName</a></td></tr><tr class="failedeven"><td><a href="#m2">testDeleteUserByName</a></td></tr><tr class="failedeven"><td><a href="#m3">testGetUserByName</a></td><td rowspan="3">1701177493558</td><td rowspan="3">537</td></tr><tr class="failedeven"><td><a href="#m4">testGetUserByName</a></td></tr><tr class="failedeven"><td><a href="#m5">testGetUserByName</a></td></tr><tr class="failedeven"><td><a href="#m6">testPostUser</a></td><td rowspan="1">1701177487165</td><td rowspan="1">2359</td></tr><tr><th colspan="4">PetTest &#8212; passed</th></tr><tr class="passedeven"><td rowspan="4">api.tests.UserTests</td><td><a href="#m7">testDeleteUserByName</a></td><td rowspan="1">1701177499535</td><td rowspan="1">512</td></tr><tr class="passedeven"><td><a href="#m8">testGetUserByName</a></td><td rowspan="1">1701177497916</td><td rowspan="1">565</td></tr><tr class="passedeven"><td><a href="#m9">testPostUser</a></td><td rowspan="1">1701177496686</td><td rowspan="1">1220</td></tr><tr class="passedeven"><td><a href="#m10">testUpdateUserByName</a></td><td rowspan="1">1701177498484</td><td rowspan="1">1048</td></tr></tbody>
</table>
<h2>PetTest</h2><h3 id="m0">api.tests.DDTests#testDeleteUserByName</h3><table class="result"><tr class="param"><th>Parameter #1</th></tr><tr class="param stripe"><td>tester11</td></tr><tr><th>Exception</th></tr><tr><td><div class="stacktrace">java.lang.AssertionError: expected [200] but found [404]
	at api.tests.DDTests.testDeleteUserByName(DDTests.java:40)
	at java.base/java.util.ArrayList.forEach(ArrayList.java:1511)
... Removed 33 stack frames</div></td></tr></table><p class="totop"><a href="#summary">back to summary</a></p>
<h3 id="m1">api.tests.DDTests#testDeleteUserByName</h3><table class="result"><tr class="param"><th>Parameter #1</th></tr><tr class="param stripe"><td>tester22</td></tr><tr><th>Exception</th></tr><tr><td><div class="stacktrace">java.lang.AssertionError: expected [200] but found [404]
	at api.tests.DDTests.testDeleteUserByName(DDTests.java:40)
	at java.base/java.util.ArrayList.forEach(ArrayList.java:1511)
... Removed 33 stack frames</div></td></tr></table><p class="totop"><a href="#summary">back to summary</a></p>
<h3 id="m2">api.tests.DDTests#testDeleteUserByName</h3><table class="result"><tr class="param"><th>Parameter #1</th></tr><tr class="param stripe"><td>tester33</td></tr><tr><th>Exception</th></tr><tr><td><div class="stacktrace">java.lang.AssertionError: expected [200] but found [404]
	at api.tests.DDTests.testDeleteUserByName(DDTests.java:40)
	at java.base/java.util.ArrayList.forEach(ArrayList.java:1511)
... Removed 33 stack frames</div></td></tr></table><p class="totop"><a href="#summary">back to summary</a></p>
<h3 id="m3">api.tests.DDTests#testGetUserByName</h3><table class="result"><tr class="param"><th>Parameter #1</th></tr><tr class="param stripe"><td>tester22</td></tr><tr><th>Exception</th></tr><tr><td><div class="stacktrace">java.lang.AssertionError: expected [200] but found [404]
	at api.tests.DDTests.testGetUserByName(DDTests.java:34)
	at java.base/java.util.ArrayList.forEach(ArrayList.java:1511)
... Removed 33 stack frames</div></td></tr></table><p class="totop"><a href="#summary">back to summary</a></p>
<h3 id="m4">api.tests.DDTests#testGetUserByName</h3><table class="result"><tr class="param"><th>Parameter #1</th></tr><tr class="param stripe"><td>tester33</td></tr><tr><th>Exception</th></tr><tr><td><div class="stacktrace">java.lang.AssertionError: expected [200] but found [404]
	at api.tests.DDTests.testGetUserByName(DDTests.java:34)
	at java.base/java.util.ArrayList.forEach(ArrayList.java:1511)
... Removed 33 stack frames</div></td></tr></table><p class="totop"><a href="#summary">back to summary</a></p>
<h3 id="m5">api.tests.DDTests#testGetUserByName</h3><table class="result"><tr class="param"><th>Parameter #1</th></tr><tr class="param stripe"><td>tester11</td></tr><tr><th>Exception</th></tr><tr><td><div class="stacktrace">java.lang.AssertionError: expected [200] but found [404]
	at api.tests.DDTests.testGetUserByName(DDTests.java:34)
	at java.base/java.util.ArrayList.forEach(ArrayList.java:1511)
... Removed 33 stack frames</div></td></tr></table><p class="totop"><a href="#summary">back to summary</a></p>
<h3 id="m6">api.tests.DDTests#testPostUser</h3><table class="result"><tr><th>Exception</th></tr><tr><td><div class="stacktrace">org.testng.internal.reflect.MethodMatcherException: 
[public void api.tests.DDTests.testPostUser(java.lang.String,java.lang.String,java.lang.String,java.lang.String,java.lang.String,java.lang.String,java.lang.String,java.lang.String)] has no parameters defined but was found to be using a data provider (either explicitly specified or inherited from class level annotation).
Data provider mismatch
Method: testPostUser([java.lang.String arg0, java.lang.String arg1, java.lang.String arg2, java.lang.String arg3, java.lang.String arg4, java.lang.String arg5, java.lang.String arg6, java.lang.String arg7])
Arguments: [(java.lang.String) 1010,(java.lang.String) tester11,(java.lang.String) Rob,(java.lang.String) Don,(java.lang.String) test1@gmail.com,(java.lang.String) Test@1,(java.lang.String) 123456789]
	at java.base/java.util.ArrayList.forEach(ArrayList.java:1511)
... Removed 22 stack frames</div></td></tr></table><p class="totop"><a href="#summary">back to summary</a></p>
<h3 id="m7">api.tests.UserTests#testDeleteUserByName</h3><table class="result"><tr><th class="invisible"/></tr></table><p class="totop"><a href="#summary">back to summary</a></p>
<h3 id="m8">api.tests.UserTests#testGetUserByName</h3><table class="result"><tr><th class="invisible"/></tr></table><p class="totop"><a href="#summary">back to summary</a></p>
<h3 id="m9">api.tests.UserTests#testPostUser</h3><table class="result"><tr><th class="invisible"/></tr></table><p class="totop"><a href="#summary">back to summary</a></p>
<h3 id="m10">api.tests.UserTests#testUpdateUserByName</h3><table class="result"><tr><th class="invisible"/></tr></table><p class="totop"><a href="#summary">back to summary</a></p>
</body>
</html>
